
**** Clean-only build of configuration Debug for project TIVA Board ****

"C:\\TI_CodeComposer\\ccsv6\\utils\\bin\\gmake" -k clean 
DEL /F  "TIVA Board.out"  "TIVA Board.hex" 
Could Not Find H:\class\690 Adv. Emb. Sys\FreeRTOS8_EECS_TM4C1294_SensorHub\TIVA Board\Debug\TIVA Board.out
DEL /F "Main_SensorHub.pp" "heap_2.pp" "startup_ccs.pp" "Tasks\Task_BMP180_Pressure_Handler.pp" "Tasks\Task_I2C7_Handler.pp" "Tasks\Task_TimerInterrupt.pp" "Source\croutine.pp" "Source\event_groups.pp" "Source\list.pp" "Source\queue.pp" "Source\tasks.pp" "Source\timers.pp" "Source\portable\CCS5\ARM_CM3\port.pp" "Drivers\i2cm_drv.pp" "Drivers\uartstdio.pp" 
Could Not Find H:\class\690 Adv. Emb. Sys\FreeRTOS8_EECS_TM4C1294_SensorHub\TIVA Board\Debug\Main_SensorHub.pp
Could Not Find H:\class\690 Adv. Emb. Sys\FreeRTOS8_EECS_TM4C1294_SensorHub\TIVA Board\Debug\Tasks\Task_BMP180_Pressure_Handler.pp
Could Not Find H:\class\690 Adv. Emb. Sys\FreeRTOS8_EECS_TM4C1294_SensorHub\TIVA Board\Debug\Source\croutine.pp
Could Not Find H:\class\690 Adv. Emb. Sys\FreeRTOS8_EECS_TM4C1294_SensorHub\TIVA Board\Debug\Source\portable\CCS5\ARM_CM3\port.pp
Could Not Find H:\class\690 Adv. Emb. Sys\FreeRTOS8_EECS_TM4C1294_SensorHub\TIVA Board\Debug\Drivers\i2cm_drv.pp
DEL /F "Source\portable\CCS5\ARM_CM3\portasm.pp" 
Could Not Find H:\class\690 Adv. Emb. Sys\FreeRTOS8_EECS_TM4C1294_SensorHub\TIVA Board\Debug\Source\portable\CCS5\ARM_CM3\portasm.pp
DEL /F "Main_SensorHub.obj" "heap_2.obj" "startup_ccs.obj" "Tasks\Task_BMP180_Pressure_Handler.obj" "Tasks\Task_I2C7_Handler.obj" "Tasks\Task_TimerInterrupt.obj" "Source\croutine.obj" "Source\event_groups.obj" "Source\list.obj" "Source\queue.obj" "Source\tasks.obj" "Source\timers.obj" "Source\portable\CCS5\ARM_CM3\port.obj" "Source\portable\CCS5\ARM_CM3\portasm.obj" "Drivers\GetSP.obj" "Drivers\i2cm_drv.obj" "Drivers\uartstdio.obj" 
Could Not Find H:\class\690 Adv. Emb. Sys\FreeRTOS8_EECS_TM4C1294_SensorHub\TIVA Board\Debug\Main_SensorHub.obj
Could Not Find H:\class\690 Adv. Emb. Sys\FreeRTOS8_EECS_TM4C1294_SensorHub\TIVA Board\Debug\Tasks\Task_BMP180_Pressure_Handler.obj
Could Not Find H:\class\690 Adv. Emb. Sys\FreeRTOS8_EECS_TM4C1294_SensorHub\TIVA Board\Debug\Source\croutine.obj
Could Not Find H:\class\690 Adv. Emb. Sys\FreeRTOS8_EECS_TM4C1294_SensorHub\TIVA Board\Debug\Source\portable\CCS5\ARM_CM3\port.obj
Could Not Find H:\class\690 Adv. Emb. Sys\FreeRTOS8_EECS_TM4C1294_SensorHub\TIVA Board\Debug\Drivers\GetSP.obj
DEL /F "Drivers\GetSP.pp" 
Could Not Find H:\class\690 Adv. Emb. Sys\FreeRTOS8_EECS_TM4C1294_SensorHub\TIVA Board\Debug\Drivers\GetSP.pp
'Finished clean'
' '

**** Build Finished ****

**** Build of configuration Debug for project TIVA Board ****

"C:\\TI_CodeComposer\\ccsv6\\utils\\bin\\gmake" -k all 
'Building file: ../Main_SensorHub.c'
'Invoking: ARM Compiler'
"C:/TI_CodeComposer/ccsv6/tools/compiler/arm_5.1.7/bin/armcl" -mv7M4 --code_state=16 --float_support=FPv4SPD16 --abi=eabi -me -Ooff --include_path="H:/class/690 Adv. Emb. Sys/FreeRTOS8_EECS_TM4C1294_SensorHub/TIVA Board" --include_path="H:/class/690 Adv. Emb. Sys/FreeRTOS8_EECS_TM4C1294_SensorHub/TIVA Board/Source/include" --include_path="C:/TI_CodeComposer/TivaWare" --include_path="C:/TI_CodeComposer/ccsv6/tools/compiler/arm_5.1.7/include" -g --gcc --define=CCS5_ARMCM3 --define=PART_TM4C1294NCPDT --define=ccs="ccs" --display_error_number --diag_warning=225 --printf_support=full -k --asm_listing --preproc_with_compile --preproc_dependency="Main_SensorHub.pp"  "../Main_SensorHub.c"
'Finished building: ../Main_SensorHub.c'
' '
'Building file: ../heap_2.c'
'Invoking: ARM Compiler'
"C:/TI_CodeComposer/ccsv6/tools/compiler/arm_5.1.7/bin/armcl" -mv7M4 --code_state=16 --float_support=FPv4SPD16 --abi=eabi -me -Ooff --include_path="H:/class/690 Adv. Emb. Sys/FreeRTOS8_EECS_TM4C1294_SensorHub/TIVA Board" --include_path="H:/class/690 Adv. Emb. Sys/FreeRTOS8_EECS_TM4C1294_SensorHub/TIVA Board/Source/include" --include_path="C:/TI_CodeComposer/TivaWare" --include_path="C:/TI_CodeComposer/ccsv6/tools/compiler/arm_5.1.7/include" -g --gcc --define=CCS5_ARMCM3 --define=PART_TM4C1294NCPDT --define=ccs="ccs" --display_error_number --diag_warning=225 --printf_support=full -k --asm_listing --preproc_with_compile --preproc_dependency="heap_2.pp"  "../heap_2.c"
'Finished building: ../heap_2.c'
' '
'Building file: ../startup_ccs.c'
'Invoking: ARM Compiler'
"C:/TI_CodeComposer/ccsv6/tools/compiler/arm_5.1.7/bin/armcl" -mv7M4 --code_state=16 --float_support=FPv4SPD16 --abi=eabi -me -Ooff --include_path="H:/class/690 Adv. Emb. Sys/FreeRTOS8_EECS_TM4C1294_SensorHub/TIVA Board" --include_path="H:/class/690 Adv. Emb. Sys/FreeRTOS8_EECS_TM4C1294_SensorHub/TIVA Board/Source/include" --include_path="C:/TI_CodeComposer/TivaWare" --include_path="C:/TI_CodeComposer/ccsv6/tools/compiler/arm_5.1.7/include" -g --gcc --define=CCS5_ARMCM3 --define=PART_TM4C1294NCPDT --define=ccs="ccs" --display_error_number --diag_warning=225 --printf_support=full -k --asm_listing --preproc_with_compile --preproc_dependency="startup_ccs.pp"  "../startup_ccs.c"
'Finished building: ../startup_ccs.c'
' '
'Building file: ../Tasks/Task_BMP180_Pressure_Handler.c'
'Invoking: ARM Compiler'
"C:/TI_CodeComposer/ccsv6/tools/compiler/arm_5.1.7/bin/armcl" -mv7M4 --code_state=16 --float_support=FPv4SPD16 --abi=eabi -me -Ooff --include_path="H:/class/690 Adv. Emb. Sys/FreeRTOS8_EECS_TM4C1294_SensorHub/TIVA Board" --include_path="H:/class/690 Adv. Emb. Sys/FreeRTOS8_EECS_TM4C1294_SensorHub/TIVA Board/Source/include" --include_path="C:/TI_CodeComposer/TivaWare" --include_path="C:/TI_CodeComposer/ccsv6/tools/compiler/arm_5.1.7/include" -g --gcc --define=CCS5_ARMCM3 --define=PART_TM4C1294NCPDT --define=ccs="ccs" --display_error_number --diag_warning=225 --printf_support=full -k --asm_listing --preproc_with_compile --preproc_dependency="Tasks/Task_BMP180_Pressure_Handler.pp" --obj_directory="Tasks"  "../Tasks/Task_BMP180_Pressure_Handler.c"
"../Tasks/Task_BMP180_Pressure_Handler.c", line 122: warning #179-D: variable "BMPPrintString" was declared but never referenced
"../Tasks/Task_BMP180_Pressure_Handler.c", line 123: warning #179-D: variable "PrintfStatus" was declared but never referenced
'Finished building: ../Tasks/Task_BMP180_Pressure_Handler.c'
' '
'Building file: ../Tasks/Task_I2C7_Handler.c'
'Invoking: ARM Compiler'
"C:/TI_CodeComposer/ccsv6/tools/compiler/arm_5.1.7/bin/armcl" -mv7M4 --code_state=16 --float_support=FPv4SPD16 --abi=eabi -me -Ooff --include_path="H:/class/690 Adv. Emb. Sys/FreeRTOS8_EECS_TM4C1294_SensorHub/TIVA Board" --include_path="H:/class/690 Adv. Emb. Sys/FreeRTOS8_EECS_TM4C1294_SensorHub/TIVA Board/Source/include" --include_path="C:/TI_CodeComposer/TivaWare" --include_path="C:/TI_CodeComposer/ccsv6/tools/compiler/arm_5.1.7/include" -g --gcc --define=CCS5_ARMCM3 --define=PART_TM4C1294NCPDT --define=ccs="ccs" --display_error_number --diag_warning=225 --printf_support=full -k --asm_listing --preproc_with_compile --preproc_dependency="Tasks/Task_I2C7_Handler.pp" --obj_directory="Tasks"  "../Tasks/Task_I2C7_Handler.c"
'Finished building: ../Tasks/Task_I2C7_Handler.c'
' '
'Building file: ../Tasks/Task_TimerInterrupt.c'
'Invoking: ARM Compiler'
"C:/TI_CodeComposer/ccsv6/tools/compiler/arm_5.1.7/bin/armcl" -mv7M4 --code_state=16 --float_support=FPv4SPD16 --abi=eabi -me -Ooff --include_path="H:/class/690 Adv. Emb. Sys/FreeRTOS8_EECS_TM4C1294_SensorHub/TIVA Board" --include_path="H:/class/690 Adv. Emb. Sys/FreeRTOS8_EECS_TM4C1294_SensorHub/TIVA Board/Source/include" --include_path="C:/TI_CodeComposer/TivaWare" --include_path="C:/TI_CodeComposer/ccsv6/tools/compiler/arm_5.1.7/include" -g --gcc --define=CCS5_ARMCM3 --define=PART_TM4C1294NCPDT --define=ccs="ccs" --display_error_number --diag_warning=225 --printf_support=full -k --asm_listing --preproc_with_compile --preproc_dependency="Tasks/Task_TimerInterrupt.pp" --obj_directory="Tasks"  "../Tasks/Task_TimerInterrupt.c"
'Finished building: ../Tasks/Task_TimerInterrupt.c'
' '
'Building file: ../Source/croutine.c'
'Invoking: ARM Compiler'
"C:/TI_CodeComposer/ccsv6/tools/compiler/arm_5.1.7/bin/armcl" -mv7M4 --code_state=16 --float_support=FPv4SPD16 --abi=eabi -me -Ooff --include_path="H:/class/690 Adv. Emb. Sys/FreeRTOS8_EECS_TM4C1294_SensorHub/TIVA Board" --include_path="H:/class/690 Adv. Emb. Sys/FreeRTOS8_EECS_TM4C1294_SensorHub/TIVA Board/Source/include" --include_path="C:/TI_CodeComposer/TivaWare" --include_path="C:/TI_CodeComposer/ccsv6/tools/compiler/arm_5.1.7/include" -g --gcc --define=CCS5_ARMCM3 --define=PART_TM4C1294NCPDT --define=ccs="ccs" --display_error_number --diag_warning=225 --printf_support=full -k --asm_listing --preproc_with_compile --preproc_dependency="Source/croutine.pp" --obj_directory="Source"  "../Source/croutine.c"
'Finished building: ../Source/croutine.c'
' '
'Building file: ../Source/event_groups.c'
'Invoking: ARM Compiler'
"C:/TI_CodeComposer/ccsv6/tools/compiler/arm_5.1.7/bin/armcl" -mv7M4 --code_state=16 --float_support=FPv4SPD16 --abi=eabi -me -Ooff --include_path="H:/class/690 Adv. Emb. Sys/FreeRTOS8_EECS_TM4C1294_SensorHub/TIVA Board" --include_path="H:/class/690 Adv. Emb. Sys/FreeRTOS8_EECS_TM4C1294_SensorHub/TIVA Board/Source/include" --include_path="C:/TI_CodeComposer/TivaWare" --include_path="C:/TI_CodeComposer/ccsv6/tools/compiler/arm_5.1.7/include" -g --gcc --define=CCS5_ARMCM3 --define=PART_TM4C1294NCPDT --define=ccs="ccs" --display_error_number --diag_warning=225 --printf_support=full -k --asm_listing --preproc_with_compile --preproc_dependency="Source/event_groups.pp" --obj_directory="Source"  "../Source/event_groups.c"
'Finished building: ../Source/event_groups.c'
' '
'Building file: ../Source/list.c'
'Invoking: ARM Compiler'
"C:/TI_CodeComposer/ccsv6/tools/compiler/arm_5.1.7/bin/armcl" -mv7M4 --code_state=16 --float_support=FPv4SPD16 --abi=eabi -me -Ooff --include_path="H:/class/690 Adv. Emb. Sys/FreeRTOS8_EECS_TM4C1294_SensorHub/TIVA Board" --include_path="H:/class/690 Adv. Emb. Sys/FreeRTOS8_EECS_TM4C1294_SensorHub/TIVA Board/Source/include" --include_path="C:/TI_CodeComposer/TivaWare" --include_path="C:/TI_CodeComposer/ccsv6/tools/compiler/arm_5.1.7/include" -g --gcc --define=CCS5_ARMCM3 --define=PART_TM4C1294NCPDT --define=ccs="ccs" --display_error_number --diag_warning=225 --printf_support=full -k --asm_listing --preproc_with_compile --preproc_dependency="Source/list.pp" --obj_directory="Source"  "../Source/list.c"
'Finished building: ../Source/list.c'
' '
'Building file: ../Source/queue.c'
'Invoking: ARM Compiler'
"C:/TI_CodeComposer/ccsv6/tools/compiler/arm_5.1.7/bin/armcl" -mv7M4 --code_state=16 --float_support=FPv4SPD16 --abi=eabi -me -Ooff --include_path="H:/class/690 Adv. Emb. Sys/FreeRTOS8_EECS_TM4C1294_SensorHub/TIVA Board" --include_path="H:/class/690 Adv. Emb. Sys/FreeRTOS8_EECS_TM4C1294_SensorHub/TIVA Board/Source/include" --include_path="C:/TI_CodeComposer/TivaWare" --include_path="C:/TI_CodeComposer/ccsv6/tools/compiler/arm_5.1.7/include" -g --gcc --define=CCS5_ARMCM3 --define=PART_TM4C1294NCPDT --define=ccs="ccs" --display_error_number --diag_warning=225 --printf_support=full -k --asm_listing --preproc_with_compile --preproc_dependency="Source/queue.pp" --obj_directory="Source"  "../Source/queue.c"
'Finished building: ../Source/queue.c'
' '
'Building file: ../Source/tasks.c'
'Invoking: ARM Compiler'
"C:/TI_CodeComposer/ccsv6/tools/compiler/arm_5.1.7/bin/armcl" -mv7M4 --code_state=16 --float_support=FPv4SPD16 --abi=eabi -me -Ooff --include_path="H:/class/690 Adv. Emb. Sys/FreeRTOS8_EECS_TM4C1294_SensorHub/TIVA Board" --include_path="H:/class/690 Adv. Emb. Sys/FreeRTOS8_EECS_TM4C1294_SensorHub/TIVA Board/Source/include" --include_path="C:/TI_CodeComposer/TivaWare" --include_path="C:/TI_CodeComposer/ccsv6/tools/compiler/arm_5.1.7/include" -g --gcc --define=CCS5_ARMCM3 --define=PART_TM4C1294NCPDT --define=ccs="ccs" --display_error_number --diag_warning=225 --printf_support=full -k --asm_listing --preproc_with_compile --preproc_dependency="Source/tasks.pp" --obj_directory="Source"  "../Source/tasks.c"
"../Source/tasks.c", line 414: warning #179-D: function "prvTaskIsTaskSuspended" was declared but never referenced
'Finished building: ../Source/tasks.c'
' '
'Building file: ../Source/timers.c'
'Invoking: ARM Compiler'
"C:/TI_CodeComposer/ccsv6/tools/compiler/arm_5.1.7/bin/armcl" -mv7M4 --code_state=16 --float_support=FPv4SPD16 --abi=eabi -me -Ooff --include_path="H:/class/690 Adv. Emb. Sys/FreeRTOS8_EECS_TM4C1294_SensorHub/TIVA Board" --include_path="H:/class/690 Adv. Emb. Sys/FreeRTOS8_EECS_TM4C1294_SensorHub/TIVA Board/Source/include" --include_path="C:/TI_CodeComposer/TivaWare" --include_path="C:/TI_CodeComposer/ccsv6/tools/compiler/arm_5.1.7/include" -g --gcc --define=CCS5_ARMCM3 --define=PART_TM4C1294NCPDT --define=ccs="ccs" --display_error_number --diag_warning=225 --printf_support=full -k --asm_listing --preproc_with_compile --preproc_dependency="Source/timers.pp" --obj_directory="Source"  "../Source/timers.c"
'Finished building: ../Source/timers.c'
' '
'Building file: ../Source/portable/CCS5/ARM_CM3/port.c'
'Invoking: ARM Compiler'
"C:/TI_CodeComposer/ccsv6/tools/compiler/arm_5.1.7/bin/armcl" -mv7M4 --code_state=16 --float_support=FPv4SPD16 --abi=eabi -me -Ooff --include_path="H:/class/690 Adv. Emb. Sys/FreeRTOS8_EECS_TM4C1294_SensorHub/TIVA Board" --include_path="H:/class/690 Adv. Emb. Sys/FreeRTOS8_EECS_TM4C1294_SensorHub/TIVA Board/Source/include" --include_path="C:/TI_CodeComposer/TivaWare" --include_path="C:/TI_CodeComposer/ccsv6/tools/compiler/arm_5.1.7/include" -g --gcc --define=CCS5_ARMCM3 --define=PART_TM4C1294NCPDT --define=ccs="ccs" --display_error_number --diag_warning=225 --printf_support=full -k --asm_listing --preproc_with_compile --preproc_dependency="Source/portable/CCS5/ARM_CM3/port.pp" --obj_directory="Source/portable/CCS5/ARM_CM3"  "../Source/portable/CCS5/ARM_CM3/port.c"
'Finished building: ../Source/portable/CCS5/ARM_CM3/port.c'
' '
'Building file: ../Source/portable/CCS5/ARM_CM3/portasm.s'
'Invoking: ARM Compiler'
"C:/TI_CodeComposer/ccsv6/tools/compiler/arm_5.1.7/bin/armcl" -mv7M4 --code_state=16 --float_support=FPv4SPD16 --abi=eabi -me -Ooff --include_path="H:/class/690 Adv. Emb. Sys/FreeRTOS8_EECS_TM4C1294_SensorHub/TIVA Board" --include_path="H:/class/690 Adv. Emb. Sys/FreeRTOS8_EECS_TM4C1294_SensorHub/TIVA Board/Source/include" --include_path="C:/TI_CodeComposer/TivaWare" --include_path="C:/TI_CodeComposer/ccsv6/tools/compiler/arm_5.1.7/include" -g --gcc --define=CCS5_ARMCM3 --define=PART_TM4C1294NCPDT --define=ccs="ccs" --display_error_number --diag_warning=225 --printf_support=full -k --asm_listing --preproc_with_compile --preproc_dependency="Source/portable/CCS5/ARM_CM3/portasm.pp" --obj_directory="Source/portable/CCS5/ARM_CM3"  "../Source/portable/CCS5/ARM_CM3/portasm.s"
'Finished building: ../Source/portable/CCS5/ARM_CM3/portasm.s'
' '
'Building file: ../Drivers/GetSP.asm'
'Invoking: ARM Compiler'
"C:/TI_CodeComposer/ccsv6/tools/compiler/arm_5.1.7/bin/armcl" -mv7M4 --code_state=16 --float_support=FPv4SPD16 --abi=eabi -me -Ooff --include_path="H:/class/690 Adv. Emb. Sys/FreeRTOS8_EECS_TM4C1294_SensorHub/TIVA Board" --include_path="H:/class/690 Adv. Emb. Sys/FreeRTOS8_EECS_TM4C1294_SensorHub/TIVA Board/Source/include" --include_path="C:/TI_CodeComposer/TivaWare" --include_path="C:/TI_CodeComposer/ccsv6/tools/compiler/arm_5.1.7/include" -g --gcc --define=CCS5_ARMCM3 --define=PART_TM4C1294NCPDT --define=ccs="ccs" --display_error_number --diag_warning=225 --printf_support=full -k --asm_listing --preproc_with_compile --preproc_dependency="Drivers/GetSP.pp" --obj_directory="Drivers"  "../Drivers/GetSP.asm"
'Finished building: ../Drivers/GetSP.asm'
' '
'Building file: ../Drivers/i2cm_drv.c'
'Invoking: ARM Compiler'
"C:/TI_CodeComposer/ccsv6/tools/compiler/arm_5.1.7/bin/armcl" -mv7M4 --code_state=16 --float_support=FPv4SPD16 --abi=eabi -me -Ooff --include_path="H:/class/690 Adv. Emb. Sys/FreeRTOS8_EECS_TM4C1294_SensorHub/TIVA Board" --include_path="H:/class/690 Adv. Emb. Sys/FreeRTOS8_EECS_TM4C1294_SensorHub/TIVA Board/Source/include" --include_path="C:/TI_CodeComposer/TivaWare" --include_path="C:/TI_CodeComposer/ccsv6/tools/compiler/arm_5.1.7/include" -g --gcc --define=CCS5_ARMCM3 --define=PART_TM4C1294NCPDT --define=ccs="ccs" --display_error_number --diag_warning=225 --printf_support=full -k --asm_listing --preproc_with_compile --preproc_dependency="Drivers/i2cm_drv.pp" --obj_directory="Drivers"  "../Drivers/i2cm_drv.c"
'Finished building: ../Drivers/i2cm_drv.c'
' '
'Building file: ../Drivers/uartstdio.c'
'Invoking: ARM Compiler'
"C:/TI_CodeComposer/ccsv6/tools/compiler/arm_5.1.7/bin/armcl" -mv7M4 --code_state=16 --float_support=FPv4SPD16 --abi=eabi -me -Ooff --include_path="H:/class/690 Adv. Emb. Sys/FreeRTOS8_EECS_TM4C1294_SensorHub/TIVA Board" --include_path="H:/class/690 Adv. Emb. Sys/FreeRTOS8_EECS_TM4C1294_SensorHub/TIVA Board/Source/include" --include_path="C:/TI_CodeComposer/TivaWare" --include_path="C:/TI_CodeComposer/ccsv6/tools/compiler/arm_5.1.7/include" -g --gcc --define=CCS5_ARMCM3 --define=PART_TM4C1294NCPDT --define=ccs="ccs" --display_error_number --diag_warning=225 --printf_support=full -k --asm_listing --preproc_with_compile --preproc_dependency="Drivers/uartstdio.pp" --obj_directory="Drivers"  "../Drivers/uartstdio.c"
'Finished building: ../Drivers/uartstdio.c'
' '
'Building target: TIVA Board.out'
'Invoking: ARM Linker'
"C:/TI_CodeComposer/ccsv6/tools/compiler/arm_5.1.7/bin/armcl" -mv7M4 --code_state=16 --float_support=FPv4SPD16 --abi=eabi -me -Ooff -g --gcc --define=CCS5_ARMCM3 --define=PART_TM4C1294NCPDT --define=ccs="ccs" --display_error_number --diag_warning=225 --printf_support=full -k --asm_listing -z -m"TIVA Board.map" --heap_size=0x800 --stack_size=0x800 -i"C:/TI_CodeComposer/ccsv6/tools/compiler/arm_5.1.7/lib" -i"C:/TI_CodeComposer/ccsv6/tools/compiler/arm_5.1.7/include" --reread_libs --warn_sections --display_error_number --xml_link_info="TIVA Board_linkInfo.xml" --rom_model -o "TIVA Board.out"  "./Main_SensorHub.obj" "./heap_2.obj" "./startup_ccs.obj" "./Tasks/Task_BMP180_Pressure_Handler.obj" "./Tasks/Task_I2C7_Handler.obj" "./Tasks/Task_TimerInterrupt.obj" "./Source/croutine.obj" "./Source/event_groups.obj" "./Source/list.obj" "./Source/queue.obj" "./Source/tasks.obj" "./Source/timers.obj" "./Source/portable/CCS5/ARM_CM3/port.obj" "./Source/portable/CCS5/ARM_CM3/portasm.obj" "./Drivers/GetSP.obj" "./Drivers/i2cm_drv.obj" "./Drivers/uartstdio.obj" "../tm4c1294ncpdt.cmd" -l"libc.a" -l"C:\TI_CodeComposer\TivaWare\driverlib\ccs\Debug\driverlib.lib" -l"C:\TI_CodeComposer\TivaWare\sensorlib\ccs\Debug\sensorlib.lib" 
<Linking>
'Finished building target: TIVA Board.out'
' '

**** Build Finished ****

**** Build of configuration Debug for project TIVA Board ****

"C:\\TI_CodeComposer\\ccsv6\\utils\\bin\\gmake" -k all 
gmake: Nothing to be done for `all'.

**** Build Finished ****

**** Build of configuration Debug for project TIVA Board ****

"C:\\TI_CodeComposer\\ccsv6\\utils\\bin\\gmake" -k all 
gmake: Nothing to be done for `all'.

**** Build Finished ****
